2014-02-16 15:48:30.588 HelloWorld[21188:80b] Multi-tasking -> Device: YES, App: YES
2014-02-16 15:48:31.697 HelloWorld[21188:80b] Unlimited access to network resources
2014-02-16 15:48:39.639 HelloWorld[21188:80b] Resetting plugins due to page load.
2014-02-16 15:48:40.982 HelloWorld[21188:80b] Finished load of: file:///Users/antalt/Library/Application%20Support/iPhone%20Simulator/7.0.3/Applications/4636BEEC-F04D-467A-97DA-2D7A3CC629DB/HelloWorld.app/www/index.html
2014-02-16 15:49:00.021 HelloWorld[21772:80b] Multi-tasking -> Device: YES, App: YES
2014-02-16 15:49:00.031 HelloWorld[21772:80b] Unlimited access to network resources
2014-02-16 15:49:00.462 HelloWorld[21772:80b] Resetting plugins due to page load.
2014-02-16 15:49:00.507 HelloWorld[21772:80b] Finished load of: file:///Users/antalt/Library/Application%20Support/iPhone%20Simulator/7.0.3/Applications/4636BEEC-F04D-467A-97DA-2D7A3CC629DB/HelloWorld.app/www/index.html
2014-02-16 16:21:22.239 HelloWorld[22722:80b] Multi-tasking -> Device: YES, App: YES
2014-02-16 16:21:22.284 HelloWorld[22722:80b] Unlimited access to network resources
2014-02-16 16:21:22.431 HelloWorld[22722:80b] Resetting plugins due to page load.
2014-02-16 16:21:22.622 HelloWorld[22722:80b] Finished load of: file:///Users/antalt/Library/Application%20Support/iPhone%20Simulator/7.0.3/Applications/4636BEEC-F04D-467A-97DA-2D7A3CC629DB/HelloWorld.app/www/index.html
2014-02-16 17:08:47.649 HelloWorld[24831:80b] Multi-tasking -> Device: YES, App: YES
2014-02-16 17:08:48.504 HelloWorld[24831:80b] Unlimited access to network resources
2014-02-16 17:09:00.193 HelloWorld[24831:80b] Resetting plugins due to page load.
2014-02-16 17:09:13.532 HelloWorld[24831:80b] Finished load of: file:///Users/antalt/Library/Application%20Support/iPhone%20Simulator/7.0.3/Applications/4636BEEC-F04D-467A-97DA-2D7A3CC629DB/HelloWorld.app/www/index.html#/gallery
2014-02-16 17:10:47.586 HelloWorld[25749:80b] Multi-tasking -> Device: YES, App: YES
2014-02-16 17:10:47.626 HelloWorld[25749:80b] Unlimited access to network resources
2014-02-16 17:10:47.890 HelloWorld[25749:80b] Resetting plugins due to page load.
2014-02-16 17:10:54.717 HelloWorld[25749:80b] Finished load of: file:///Users/antalt/Library/Application%20Support/iPhone%20Simulator/7.0.3/Applications/4636BEEC-F04D-467A-97DA-2D7A3CC629DB/HelloWorld.app/www/index.html#/gallery
2014-02-16 17:13:28.124 HelloWorld[26682:80b] Multi-tasking -> Device: YES, App: YES
2014-02-16 17:13:28.199 HelloWorld[26682:80b] Unlimited access to network resources
2014-02-16 17:13:28.344 HelloWorld[26682:80b] Resetting plugins due to page load.
2014-02-16 17:13:32.144 HelloWorld[26682:80b] Finished load of: file:///Users/antalt/Library/Application%20Support/iPhone%20Simulator/7.0.3/Applications/4636BEEC-F04D-467A-97DA-2D7A3CC629DB/HelloWorld.app/www/index.html#/gallery
